[debug] [2021-03-06T15:50:14.502Z] ----------------------------------------------------------------------
[debug] [2021-03-06T15:50:14.509Z] Command:       D:\Program Files\nodejs\node.exe C:\Users\msi1\AppData\Roaming\npm\node_modules\firebase-tools\lib\bin\firebase.js emulators:start
[debug] [2021-03-06T15:50:14.511Z] CLI Version:   9.4.0
[debug] [2021-03-06T15:50:14.511Z] Platform:      win32
[debug] [2021-03-06T15:50:14.511Z] Node Version:  v14.15.0
[debug] [2021-03-06T15:50:14.515Z] Time:          Sat Mar 06 2021 21:20:14 GMT+0530 (India Standard Time)
[debug] [2021-03-06T15:50:14.516Z] ----------------------------------------------------------------------
[debug] [2021-03-06T15:50:14.516Z] 
[debug] [2021-03-06T15:50:14.544Z] > command requires scopes: ["email","openid","https://www.googleapis.com/auth/cloudplatformprojects.readonly","https://www.googleapis.com/auth/firebase","https://www.googleapis.com/auth/cloud-platform"]
[debug] [2021-03-06T15:50:14.548Z] > authorizing via signed-in user
[info] i  emulators: Starting emulators: functions, hosting {"metadata":{"emulator":{"name":"hub"},"message":"Starting emulators: functions, hosting"}}
[debug] [2021-03-06T15:50:14.635Z] [hub] writing locator at C:\Users\msi1\AppData\Local\Temp\hub-clone-a7e49.json
[warn] !  functions: The following emulators are not running, calls to these services from the Functions emulator will affect production: auth, firestore, database, pubsub {"metadata":{"emulator":{"name":"functions"},"message":"The following emulators are not running, calls to these services from the Functions emulator will affect production: \u001b[1mauth, firestore, database, pubsub\u001b[22m"}}
[warn] !  Your requested "node" version "12" doesn't match your global version "14" {"metadata":{"emulator":{"name":"functions"},"message":"Your requested \"node\" version \"12\" doesn't match your global version \"14\""}}
[debug] [2021-03-06T15:50:14.868Z] defaultcredentials: writing to file C:\Users\msi1\AppData\Roaming\firebase\ashaywanjarkar123_gmail_com_application_default_credentials.json
[debug] [2021-03-06T15:50:14.877Z] Setting GAC to C:\Users\msi1\AppData\Roaming\firebase\ashaywanjarkar123_gmail_com_application_default_credentials.json {"metadata":{"emulator":{"name":"functions"},"message":"Setting GAC to C:\\Users\\msi1\\AppData\\Roaming\\firebase\\ashaywanjarkar123_gmail_com_application_default_credentials.json"}}
[debug] [2021-03-06T15:50:14.884Z] >>> [apiv2][query] GET https://firebase.googleapis.com/v1beta1/projects/clone-a7e49/adminSdkConfig [none]
[debug] [2021-03-06T15:50:15.788Z] <<< [apiv2][status] GET https://firebase.googleapis.com/v1beta1/projects/clone-a7e49/adminSdkConfig 200
[debug] [2021-03-06T15:50:15.789Z] <<< [apiv2][body] GET https://firebase.googleapis.com/v1beta1/projects/clone-a7e49/adminSdkConfig {"projectId":"clone-a7e49","storageBucket":"clone-a7e49.appspot.com"}
[debug] [2021-03-06T15:50:15.825Z] >>> [apiv2][query] GET https://firebase.googleapis.com/v1beta1/projects/clone-a7e49/webApps/-/config [none]
[debug] [2021-03-06T15:50:17.523Z] <<< [apiv2][status] GET https://firebase.googleapis.com/v1beta1/projects/clone-a7e49/webApps/-/config 200
[debug] [2021-03-06T15:50:17.523Z] <<< [apiv2][body] GET https://firebase.googleapis.com/v1beta1/projects/clone-a7e49/webApps/-/config {"projectId":"clone-a7e49","appId":"1:125403797272:web:fe9f1de4c59ec89b58706d","storageBucket":"clone-a7e49.appspot.com","apiKey":"AIzaSyD92oX4tTcTlVddRjRwvQ8z6PAJ4KqrpTQ","authDomain":"clone-a7e49.firebaseapp.com","messagingSenderId":"125403797272","measurementId":"G-Y1HQY2DSSF"}
[info] i  hosting: Serving hosting files from: build {"metadata":{"emulator":{"name":"hosting"},"message":"Serving hosting files from: \u001b[1mbuild\u001b[22m"}}
[info] +  hosting: Local server: http://localhost:5000 {"metadata":{"emulator":{"name":"hosting"},"message":"Local server: \u001b[4m\u001b[1mhttp://localhost:5000\u001b[22m\u001b[24m"}}
[warn] !  ui: Emulator UI unable to start on port 4000, starting on 4001 instead. {"metadata":{"emulator":{"name":"ui"},"message":"Emulator UI unable to start on port 4000, starting on 4001 instead."}}
[debug] [2021-03-06T15:50:17.757Z] Ignoring unsupported arg: auto_download {"metadata":{"emulator":{"name":"ui"},"message":"Ignoring unsupported arg: auto_download"}}
[debug] [2021-03-06T15:50:17.758Z] Ignoring unsupported arg: port {"metadata":{"emulator":{"name":"ui"},"message":"Ignoring unsupported arg: port"}}
[debug] [2021-03-06T15:50:17.758Z] Starting Emulator UI with command {"binary":"node","args":["C:\\Users\\msi1\\.cache\\firebase\\emulators\\ui-v1.4.1\\server.bundle.js"],"optionalArgs":[],"joinArgs":false} {"metadata":{"emulator":{"name":"ui"},"message":"Starting Emulator UI with command {\"binary\":\"node\",\"args\":[\"C:\\\\Users\\\\msi1\\\\.cache\\\\firebase\\\\emulators\\\\ui-v1.4.1\\\\server.bundle.js\"],\"optionalArgs\":[],\"joinArgs\":false}"}}
[info] i  ui: Emulator UI logging to ui-debug.log {"metadata":{"emulator":{"name":"ui"},"message":"Emulator UI logging to \u001b[1mui-debug.log\u001b[22m"}}
[debug] [2021-03-06T15:50:18.203Z] Web / API server started at http://localhost:4001
 {"metadata":{"emulator":{"name":"ui"},"message":"Web / API server started at http://localhost:4001\n"}}
[info] i  functions: Watching "D:\projects\Amazon Clone\amazon-clone\functions" for Cloud Functions... {"metadata":{"emulator":{"name":"functions"},"message":"Watching \"D:\\projects\\Amazon Clone\\amazon-clone\\functions\" for Cloud Functions..."}}
[debug] [2021-03-06T15:50:18.353Z] [worker-pool] addWorker(~diagnostic~) {"metadata":{"emulator":{"name":"functions"},"message":"[worker-pool] addWorker(~diagnostic~)"}}
[debug] [2021-03-06T15:50:18.354Z] [worker-pool] Adding worker with key ~diagnostic~, total=1 {"metadata":{"emulator":{"name":"functions"},"message":"[worker-pool] Adding worker with key ~diagnostic~, total=1"}}
[debug] [2021-03-06T15:50:18.355Z] [worker-pool] submitWork(triggerId=) {"metadata":{"emulator":{"name":"functions"},"message":"[worker-pool] submitWork(triggerId=)"}}
[debug] [2021-03-06T15:50:18.356Z] [worker-~diagnostic~-dafdc172-8a6c-4408-b973-8662904ca14f]: Assigning socketPath: \\?\pipe\D:\projects\Amazon Clone\amazon-clone\functions\18152 {"metadata":{"emulator":{"name":"functions"},"message":"[worker-~diagnostic~-dafdc172-8a6c-4408-b973-8662904ca14f]: Assigning socketPath: \\\\?\\pipe\\D:\\projects\\Amazon Clone\\amazon-clone\\functions\\18152"}}
[debug] [2021-03-06T15:50:18.357Z] [worker-~diagnostic~-dafdc172-8a6c-4408-b973-8662904ca14f]: BUSY {"metadata":{"emulator":{"name":"functions"},"message":"[worker-~diagnostic~-dafdc172-8a6c-4408-b973-8662904ca14f]: BUSY"}}
